<?xml version="1.0" encoding="UTF-8"?>
<testsuite xmlns:xsi="http://www.w3.org/2001/XMLSchema-instance" xsi:noNamespaceSchemaLocation="https://maven.apache.org/surefire/maven-surefire-plugin/xsd/surefire-test-report-3.0.xsd" version="3.0" name="br.com.joseana.ProductResourceTest" time="14.95" tests="4" errors="0" skipped="0" failures="0">
  <properties>
    <property name="java.specification.version" value="21"/>
    <property name="sun.jnu.encoding" value="UTF-8"/>
    <property name="test.url" value="http://localhost:8081"/>
    <property name="java.class.path" value="/home/josi/coding/first/first-test/target/test-classes:/home/josi/coding/first/first-test/target/classes:/home/josi/.m2/repository/io/quarkus/quarkus-arc/3.5.0/quarkus-arc-3.5.0.jar:/home/josi/.m2/repository/io/quarkus/arc/arc/3.5.0/arc-3.5.0.jar:/home/josi/.m2/repository/jakarta/enterprise/jakarta.enterprise.cdi-api/4.0.1/jakarta.enterprise.cdi-api-4.0.1.jar:/home/josi/.m2/repository/jakarta/enterprise/jakarta.enterprise.lang-model/4.0.1/jakarta.enterprise.lang-model-4.0.1.jar:/home/josi/.m2/repository/jakarta/el/jakarta.el-api/5.0.1/jakarta.el-api-5.0.1.jar:/home/josi/.m2/repository/jakarta/interceptor/jakarta.interceptor-api/2.1.0/jakarta.interceptor-api-2.1.0.jar:/home/josi/.m2/repository/jakarta/annotation/jakarta.annotation-api/2.1.1/jakarta.annotation-api-2.1.1.jar:/home/josi/.m2/repository/jakarta/transaction/jakarta.transaction-api/2.0.1/jakarta.transaction-api-2.0.1.jar:/home/josi/.m2/repository/io/smallrye/reactive/mutiny/2.5.1/mutiny-2.5.1.jar:/home/josi/.m2/repository/io/smallrye/common/smallrye-common-annotation/2.1.2/smallrye-common-annotation-2.1.2.jar:/home/josi/.m2/repository/org/jboss/logging/jboss-logging/3.5.3.Final/jboss-logging-3.5.3.Final.jar:/home/josi/.m2/repository/io/quarkus/quarkus-core/3.5.0/quarkus-core-3.5.0.jar:/home/josi/.m2/repository/jakarta/inject/jakarta.inject-api/2.0.1/jakarta.inject-api-2.0.1.jar:/home/josi/.m2/repository/io/smallrye/common/smallrye-common-os/2.1.2/smallrye-common-os-2.1.2.jar:/home/josi/.m2/repository/io/quarkus/quarkus-ide-launcher/3.5.0/quarkus-ide-launcher-3.5.0.jar:/home/josi/.m2/repository/io/quarkus/quarkus-development-mode-spi/3.5.0/quarkus-development-mode-spi-3.5.0.jar:/home/josi/.m2/repository/io/smallrye/config/smallrye-config/3.4.1/smallrye-config-3.4.1.jar:/home/josi/.m2/repository/io/smallrye/config/smallrye-config-core/3.4.1/smallrye-config-core-3.4.1.jar:/home/josi/.m2/repository/org/eclipse/microprofile/config/microprofile-config-api/3.0.3/microprofile-config-api-3.0.3.jar:/home/josi/.m2/repository/io/smallrye/common/smallrye-common-classloader/2.1.2/smallrye-common-classloader-2.1.2.jar:/home/josi/.m2/repository/io/smallrye/config/smallrye-config-common/3.4.1/smallrye-config-common-3.4.1.jar:/home/josi/.m2/repository/org/jboss/logmanager/jboss-logmanager/3.0.2.Final/jboss-logmanager-3.0.2.Final.jar:/home/josi/.m2/repository/io/smallrye/common/smallrye-common-constraint/2.1.2/smallrye-common-constraint-2.1.2.jar:/home/josi/.m2/repository/io/smallrye/common/smallrye-common-cpu/2.1.2/smallrye-common-cpu-2.1.2.jar:/home/josi/.m2/repository/io/smallrye/common/smallrye-common-expression/2.1.2/smallrye-common-expression-2.1.2.jar:/home/josi/.m2/repository/io/smallrye/common/smallrye-common-function/2.1.2/smallrye-common-function-2.1.2.jar:/home/josi/.m2/repository/io/smallrye/common/smallrye-common-net/2.1.2/smallrye-common-net-2.1.2.jar:/home/josi/.m2/repository/io/smallrye/common/smallrye-common-ref/2.1.2/smallrye-common-ref-2.1.2.jar:/home/josi/.m2/repository/jakarta/json/jakarta.json-api/2.1.2/jakarta.json-api-2.1.2.jar:/home/josi/.m2/repository/org/eclipse/parsson/parsson/1.1.4/parsson-1.1.4.jar:/home/josi/.m2/repository/org/jboss/logging/jboss-logging-annotations/2.2.1.Final/jboss-logging-annotations-2.2.1.Final.jar:/home/josi/.m2/repository/org/jboss/threads/jboss-threads/3.5.0.Final/jboss-threads-3.5.0.Final.jar:/home/josi/.m2/repository/org/slf4j/slf4j-api/2.0.6/slf4j-api-2.0.6.jar:/home/josi/.m2/repository/org/jboss/slf4j/slf4j-jboss-logmanager/2.0.0.Final/slf4j-jboss-logmanager-2.0.0.Final.jar:/home/josi/.m2/repository/org/wildfly/common/wildfly-common/1.5.4.Final-format-001/wildfly-common-1.5.4.Final-format-001.jar:/home/josi/.m2/repository/io/quarkus/quarkus-bootstrap-runner/3.5.0/quarkus-bootstrap-runner-3.5.0.jar:/home/josi/.m2/repository/io/github/crac/org-crac/0.1.3/org-crac-0.1.3.jar:/home/josi/.m2/repository/io/quarkus/quarkus-fs-util/0.0.9/quarkus-fs-util-0.0.9.jar:/home/josi/.m2/repository/org/eclipse/microprofile/context-propagation/microprofile-context-propagation-api/1.3/microprofile-context-propagation-api-1.3.jar:/home/josi/.m2/repository/io/quarkus/quarkus-hibernate-orm-panache/3.5.0/quarkus-hibernate-orm-panache-3.5.0.jar:/home/josi/.m2/repository/io/quarkus/quarkus-hibernate-orm/3.5.0/quarkus-hibernate-orm-3.5.0.jar:/home/josi/.m2/repository/io/quarkus/quarkus-agroal/3.5.0/quarkus-agroal-3.5.0.jar:/home/josi/.m2/repository/io/quarkus/quarkus-datasource/3.5.0/quarkus-datasource-3.5.0.jar:/home/josi/.m2/repository/io/agroal/agroal-api/2.1/agroal-api-2.1.jar:/home/josi/.m2/repository/io/agroal/agroal-narayana/2.1/agroal-narayana-2.1.jar:/home/josi/.m2/repository/org/jboss/jboss-transaction-spi/8.0.0.Final/jboss-transaction-spi-8.0.0.Final.jar:/home/josi/.m2/repository/io/agroal/agroal-pool/2.1/agroal-pool-2.1.jar:/home/josi/.m2/repository/io/quarkus/quarkus-credentials/3.5.0/quarkus-credentials-3.5.0.jar:/home/josi/.m2/repository/io/quarkus/quarkus-narayana-jta/3.5.0/quarkus-narayana-jta-3.5.0.jar:/home/josi/.m2/repository/io/quarkus/quarkus-transaction-annotations/3.5.0/quarkus-transaction-annotations-3.5.0.jar:/home/josi/.m2/repository/io/quarkus/quarkus-mutiny/3.5.0/quarkus-mutiny-3.5.0.jar:/home/josi/.m2/repository/io/quarkus/quarkus-smallrye-context-propagation/3.5.0/quarkus-smallrye-context-propagation-3.5.0.jar:/home/josi/.m2/repository/io/smallrye/smallrye-context-propagation/2.1.0/smallrye-context-propagation-2.1.0.jar:/home/josi/.m2/repository/io/smallrye/smallrye-context-propagation-api/2.1.0/smallrye-context-propagation-api-2.1.0.jar:/home/josi/.m2/repository/io/smallrye/smallrye-context-propagation-storage/2.1.0/smallrye-context-propagation-storage-2.1.0.jar:/home/josi/.m2/repository/io/smallrye/reactive/mutiny-smallrye-context-propagation/2.5.1/mutiny-smallrye-context-propagation-2.5.1.jar:/home/josi/.m2/repository/io/quarkus/quarkus-datasource-common/3.5.0/quarkus-datasource-common-3.5.0.jar:/home/josi/.m2/repository/io/smallrye/smallrye-context-propagation-jta/2.1.0/smallrye-context-propagation-jta-2.1.0.jar:/home/josi/.m2/repository/io/smallrye/reactive/smallrye-reactive-converter-api/3.0.1/smallrye-reactive-converter-api-3.0.1.jar:/home/josi/.m2/repository/org/reactivestreams/reactive-streams/1.0.4/reactive-streams-1.0.4.jar:/home/josi/.m2/repository/io/smallrye/reactive/smallrye-reactive-converter-mutiny/3.0.1/smallrye-reactive-converter-mutiny-3.0.1.jar:/home/josi/.m2/repository/io/smallrye/reactive/mutiny-zero-flow-adapters/1.0.0/mutiny-zero-flow-adapters-1.0.0.jar:/home/josi/.m2/repository/org/jboss/narayana/jta/narayana-jta/7.0.0.Final/narayana-jta-7.0.0.Final.jar:/home/josi/.m2/repository/jakarta/resource/jakarta.resource-api/2.1.0/jakarta.resource-api-2.1.0.jar:/home/josi/.m2/repository/org/jboss/invocation/jboss-invocation/2.0.0.Final/jboss-invocation-2.0.0.Final.jar:/home/josi/.m2/repository/jakarta/ejb/jakarta.ejb-api/4.0.1/jakarta.ejb-api-4.0.1.jar:/home/josi/.m2/repository/org/eclipse/microprofile/reactive-streams-operators/microprofile-reactive-streams-operators-api/3.0/microprofile-reactive-streams-operators-api-3.0.jar:/home/josi/.m2/repository/org/jboss/narayana/jts/narayana-jts-integration/7.0.0.Final/narayana-jts-integration-7.0.0.Final.jar:/home/josi/.m2/repository/org/hibernate/orm/hibernate-core/6.2.13.Final/hibernate-core-6.2.13.Final.jar:/home/josi/.m2/repository/com/fasterxml/classmate/1.5.1/classmate-1.5.1.jar:/home/josi/.m2/repository/org/antlr/antlr4-runtime/4.10.1/antlr4-runtime-4.10.1.jar:/home/josi/.m2/repository/org/hibernate/common/hibernate-commons-annotations/6.0.6.Final/hibernate-commons-annotations-6.0.6.Final.jar:/home/josi/.m2/repository/org/hibernate/orm/hibernate-graalvm/6.2.13.Final/hibernate-graalvm-6.2.13.Final.jar:/home/josi/.m2/repository/org/glassfish/jaxb/jaxb-runtime/4.0.3/jaxb-runtime-4.0.3.jar:/home/josi/.m2/repository/org/glassfish/jaxb/jaxb-core/4.0.3/jaxb-core-4.0.3.jar:/home/josi/.m2/repository/org/eclipse/angus/angus-activation/2.0.1/angus-activation-2.0.1.jar:/home/josi/.m2/repository/org/glassfish/jaxb/txw2/4.0.3/txw2-4.0.3.jar:/home/josi/.m2/repository/com/sun/istack/istack-commons-runtime/4.1.2/istack-commons-runtime-4.1.2.jar:/home/josi/.m2/repository/jakarta/persistence/jakarta.persistence-api/3.1.0/jakarta.persistence-api-3.1.0.jar:/home/josi/.m2/repository/org/hibernate/quarkus-local-cache/0.2.1/quarkus-local-cache-0.2.1.jar:/home/josi/.m2/repository/io/quarkus/quarkus-caffeine/3.5.0/quarkus-caffeine-3.5.0.jar:/home/josi/.m2/repository/com/github/ben-manes/caffeine/caffeine/3.1.5/caffeine-3.1.5.jar:/home/josi/.m2/repository/com/google/errorprone/error_prone_annotations/2.22.0/error_prone_annotations-2.22.0.jar:/home/josi/.m2/repository/io/quarkus/quarkus-hibernate-orm-panache-common/3.5.0/quarkus-hibernate-orm-panache-common-3.5.0.jar:/home/josi/.m2/repository/io/quarkus/quarkus-panache-hibernate-common/3.5.0/quarkus-panache-hibernate-common-3.5.0.jar:/home/josi/.m2/repository/io/quarkus/quarkus-panache-common/3.5.0/quarkus-panache-common-3.5.0.jar:/home/josi/.m2/repository/io/quarkus/quarkus-jdbc-postgresql/3.5.0/quarkus-jdbc-postgresql-3.5.0.jar:/home/josi/.m2/repository/org/postgresql/postgresql/42.6.0/postgresql-42.6.0.jar:/home/josi/.m2/repository/io/quarkus/quarkus-resteasy-jackson/3.5.0/quarkus-resteasy-jackson-3.5.0.jar:/home/josi/.m2/repository/io/quarkus/quarkus-resteasy/3.5.0/quarkus-resteasy-3.5.0.jar:/home/josi/.m2/repository/io/quarkus/quarkus-vertx-http/3.5.0/quarkus-vertx-http-3.5.0.jar:/home/josi/.m2/repository/io/quarkus/quarkus-security-runtime-spi/3.5.0/quarkus-security-runtime-spi-3.5.0.jar:/home/josi/.m2/repository/io/smallrye/common/smallrye-common-vertx-context/2.1.2/smallrye-common-vertx-context-2.1.2.jar:/home/josi/.m2/repository/io/vertx/vertx-core/4.4.5/vertx-core-4.4.5.jar:/home/josi/.m2/repository/io/netty/netty-common/4.1.100.Final/netty-common-4.1.100.Final.jar:/home/josi/.m2/repository/io/netty/netty-buffer/4.1.100.Final/netty-buffer-4.1.100.Final.jar:/home/josi/.m2/repository/io/netty/netty-transport/4.1.100.Final/netty-transport-4.1.100.Final.jar:/home/josi/.m2/repository/io/netty/netty-handler/4.1.100.Final/netty-handler-4.1.100.Final.jar:/home/josi/.m2/repository/io/netty/netty-transport-native-unix-common/4.1.100.Final/netty-transport-native-unix-common-4.1.100.Final.jar:/home/josi/.m2/repository/io/netty/netty-handler-proxy/4.1.100.Final/netty-handler-proxy-4.1.100.Final.jar:/home/josi/.m2/repository/io/netty/netty-codec-socks/4.1.100.Final/netty-codec-socks-4.1.100.Final.jar:/home/josi/.m2/repository/io/netty/netty-codec-http/4.1.100.Final/netty-codec-http-4.1.100.Final.jar:/home/josi/.m2/repository/io/netty/netty-codec-http2/4.1.100.Final/netty-codec-http2-4.1.100.Final.jar:/home/josi/.m2/repository/io/netty/netty-resolver/4.1.100.Final/netty-resolver-4.1.100.Final.jar:/home/josi/.m2/repository/io/netty/netty-resolver-dns/4.1.100.Final/netty-resolver-dns-4.1.100.Final.jar:/home/josi/.m2/repository/io/netty/netty-codec-dns/4.1.100.Final/netty-codec-dns-4.1.100.Final.jar:/home/josi/.m2/repository/io/quarkus/security/quarkus-security/2.0.2.Final/quarkus-security-2.0.2.Final.jar:/home/josi/.m2/repository/io/quarkus/quarkus-vertx/3.5.0/quarkus-vertx-3.5.0.jar:/home/josi/.m2/repository/io/quarkus/quarkus-netty/3.5.0/quarkus-netty-3.5.0.jar:/home/josi/.m2/repository/io/netty/netty-codec/4.1.100.Final/netty-codec-4.1.100.Final.jar:/home/josi/.m2/repository/com/aayushatharva/brotli4j/brotli4j/1.12.0/brotli4j-1.12.0.jar:/home/josi/.m2/repository/com/aayushatharva/brotli4j/service/1.12.0/service-1.12.0.jar:/home/josi/.m2/repository/com/aayushatharva/brotli4j/native-linux-x86_64/1.12.0/native-linux-x86_64-1.12.0.jar:/home/josi/.m2/repository/io/netty/netty-codec-haproxy/4.1.100.Final/netty-codec-haproxy-4.1.100.Final.jar:/home/josi/.m2/repository/io/quarkus/quarkus-virtual-threads/3.5.0/quarkus-virtual-threads-3.5.0.jar:/home/josi/.m2/repository/io/quarkus/quarkus-vertx-latebound-mdc-provider/3.5.0/quarkus-vertx-latebound-mdc-provider-3.5.0.jar:/home/josi/.m2/repository/io/smallrye/reactive/smallrye-mutiny-vertx-core/3.6.0/smallrye-mutiny-vertx-core-3.6.0.jar:/home/josi/.m2/repository/io/smallrye/reactive/smallrye-mutiny-vertx-runtime/3.6.0/smallrye-mutiny-vertx-runtime-3.6.0.jar:/home/josi/.m2/repository/io/smallrye/reactive/vertx-mutiny-generator/3.6.0/vertx-mutiny-generator-3.6.0.jar:/home/josi/.m2/repository/io/vertx/vertx-codegen/4.4.5/vertx-codegen-4.4.5.jar:/home/josi/.m2/repository/io/smallrye/smallrye-fault-tolerance-vertx/6.2.6/smallrye-fault-tolerance-vertx-6.2.6.jar:/home/josi/.m2/repository/io/smallrye/reactive/smallrye-mutiny-vertx-web/3.6.0/smallrye-mutiny-vertx-web-3.6.0.jar:/home/josi/.m2/repository/io/smallrye/reactive/smallrye-mutiny-vertx-web-common/3.6.0/smallrye-mutiny-vertx-web-common-3.6.0.jar:/home/josi/.m2/repository/io/smallrye/reactive/smallrye-mutiny-vertx-auth-common/3.6.0/smallrye-mutiny-vertx-auth-common-3.6.0.jar:/home/josi/.m2/repository/io/smallrye/reactive/smallrye-mutiny-vertx-bridge-common/3.6.0/smallrye-mutiny-vertx-bridge-common-3.6.0.jar:/home/josi/.m2/repository/io/smallrye/reactive/smallrye-mutiny-vertx-uri-template/3.6.0/smallrye-mutiny-vertx-uri-template-3.6.0.jar:/home/josi/.m2/repository/io/vertx/vertx-uri-template/4.4.5/vertx-uri-template-4.4.5.jar:/home/josi/.m2/repository/io/vertx/vertx-web/4.4.5/vertx-web-4.4.5.jar:/home/josi/.m2/repository/io/vertx/vertx-web-common/4.4.5/vertx-web-common-4.4.5.jar:/home/josi/.m2/repository/io/vertx/vertx-auth-common/4.4.5/vertx-auth-common-4.4.5.jar:/home/josi/.m2/repository/io/vertx/vertx-bridge-common/4.4.5/vertx-bridge-common-4.4.5.jar:/home/josi/.m2/repository/io/quarkus/quarkus-resteasy-server-common/3.5.0/quarkus-resteasy-server-common-3.5.0.jar:/home/josi/.m2/repository/io/quarkus/quarkus-resteasy-common/3.5.0/quarkus-resteasy-common-3.5.0.jar:/home/josi/.m2/repository/org/jboss/resteasy/resteasy-core/6.2.5.Final/resteasy-core-6.2.5.Final.jar:/home/josi/.m2/repository/com/ibm/async/asyncutil/0.1.0/asyncutil-0.1.0.jar:/home/josi/.m2/repository/jakarta/ws/rs/jakarta.ws.rs-api/3.1.0/jakarta.ws.rs-api-3.1.0.jar:/home/josi/.m2/repository/org/jboss/resteasy/microprofile/microprofile-config/2.1.4.Final/microprofile-config-2.1.4.Final.jar:/home/josi/.m2/repository/jakarta/servlet/jakarta.servlet-api/6.0.0/jakarta.servlet-api-6.0.0.jar:/home/josi/.m2/repository/org/jboss/resteasy/resteasy-cdi/6.2.5.Final/resteasy-cdi-6.2.5.Final.jar:/home/josi/.m2/repository/org/jboss/resteasy/resteasy-core-spi/6.2.5.Final/resteasy-core-spi-6.2.5.Final.jar:/home/josi/.m2/repository/org/jboss/weld/weld-api/5.0.SP2/weld-api-5.0.SP2.jar:/home/josi/.m2/repository/jakarta/validation/jakarta.validation-api/3.0.2/jakarta.validation-api-3.0.2.jar:/home/josi/.m2/repository/io/quarkus/quarkus-jackson/3.5.0/quarkus-jackson-3.5.0.jar:/home/josi/.m2/repository/com/fasterxml/jackson/core/jackson-databind/2.15.2/jackson-databind-2.15.2.jar:/home/josi/.m2/repository/com/fasterxml/jackson/datatype/jackson-datatype-jsr310/2.15.2/jackson-datatype-jsr310-2.15.2.jar:/home/josi/.m2/repository/com/fasterxml/jackson/datatype/jackson-datatype-jdk8/2.15.2/jackson-datatype-jdk8-2.15.2.jar:/home/josi/.m2/repository/com/fasterxml/jackson/module/jackson-module-parameter-names/2.15.2/jackson-module-parameter-names-2.15.2.jar:/home/josi/.m2/repository/org/jboss/resteasy/resteasy-jackson2-provider/6.2.5.Final/resteasy-jackson2-provider-6.2.5.Final.jar:/home/josi/.m2/repository/com/fasterxml/jackson/core/jackson-core/2.15.2/jackson-core-2.15.2.jar:/home/josi/.m2/repository/com/fasterxml/jackson/core/jackson-annotations/2.15.2/jackson-annotations-2.15.2.jar:/home/josi/.m2/repository/com/fasterxml/jackson/jakarta/rs/jackson-jakarta-rs-base/2.15.2/jackson-jakarta-rs-base-2.15.2.jar:/home/josi/.m2/repository/com/fasterxml/jackson/jakarta/rs/jackson-jakarta-rs-json-provider/2.15.2/jackson-jakarta-rs-json-provider-2.15.2.jar:/home/josi/.m2/repository/com/fasterxml/jackson/module/jackson-module-jakarta-xmlbind-annotations/2.15.2/jackson-module-jakarta-xmlbind-annotations-2.15.2.jar:/home/josi/.m2/repository/com/github/java-json-tools/json-patch/1.13/json-patch-1.13.jar:/home/josi/.m2/repository/com/github/java-json-tools/msg-simple/1.2/msg-simple-1.2.jar:/home/josi/.m2/repository/com/github/java-json-tools/btf/1.3/btf-1.3.jar:/home/josi/.m2/repository/com/github/java-json-tools/jackson-coreutils/2.0/jackson-coreutils-2.0.jar:/home/josi/.m2/repository/jakarta/xml/bind/jakarta.xml.bind-api/4.0.1/jakarta.xml.bind-api-4.0.1.jar:/home/josi/.m2/repository/jakarta/activation/jakarta.activation-api/2.1.2/jakarta.activation-api-2.1.2.jar:/home/josi/.m2/repository/io/quarkus/quarkus-jacoco/3.5.0/quarkus-jacoco-3.5.0.jar:/home/josi/.m2/repository/org/jacoco/org.jacoco.core/0.8.10/org.jacoco.core-0.8.10.jar:/home/josi/.m2/repository/org/ow2/asm/asm/9.5/asm-9.5.jar:/home/josi/.m2/repository/org/ow2/asm/asm-tree/9.5/asm-tree-9.5.jar:/home/josi/.m2/repository/org/jacoco/org.jacoco.report/0.8.10/org.jacoco.report-0.8.10.jar:/home/josi/.m2/repository/org/jacoco/org.jacoco.agent/0.8.10/org.jacoco.agent-0.8.10.jar:/home/josi/.m2/repository/org/jacoco/org.jacoco.agent/0.8.10/org.jacoco.agent-0.8.10-runtime.jar:/home/josi/.m2/repository/org/ow2/asm/asm-commons/9.5/asm-commons-9.5.jar:/home/josi/.m2/repository/io/quarkus/quarkus-junit5/3.5.0/quarkus-junit5-3.5.0.jar:/home/josi/.m2/repository/io/quarkus/quarkus-bootstrap-core/3.5.0/quarkus-bootstrap-core-3.5.0.jar:/home/josi/.m2/repository/io/quarkus/quarkus-bootstrap-app-model/3.5.0/quarkus-bootstrap-app-model-3.5.0.jar:/home/josi/.m2/repository/io/smallrye/common/smallrye-common-io/2.1.2/smallrye-common-io-2.1.2.jar:/home/josi/.m2/repository/org/eclipse/sisu/org.eclipse.sisu.inject/0.3.5/org.eclipse.sisu.inject-0.3.5.jar:/home/josi/.m2/repository/io/quarkus/quarkus-test-common/3.5.0/quarkus-test-common-3.5.0.jar:/home/josi/.m2/repository/io/quarkus/quarkus-core-deployment/3.5.0/quarkus-core-deployment-3.5.0.jar:/home/josi/.m2/repository/org/aesh/readline/2.4/readline-2.4.jar:/home/josi/.m2/repository/org/fusesource/jansi/jansi/2.4.0/jansi-2.4.0.jar:/home/josi/.m2/repository/org/aesh/aesh/2.7/aesh-2.7.jar:/home/josi/.m2/repository/io/quarkus/gizmo/gizmo/1.7.0/gizmo-1.7.0.jar:/home/josi/.m2/repository/org/ow2/asm/asm-util/9.5/asm-util-9.5.jar:/home/josi/.m2/repository/org/ow2/asm/asm-analysis/9.5/asm-analysis-9.5.jar:/home/josi/.m2/repository/io/quarkus/quarkus-class-change-agent/3.5.0/quarkus-class-change-agent-3.5.0.jar:/home/josi/.m2/repository/io/quarkus/quarkus-devtools-utilities/3.5.0/quarkus-devtools-utilities-3.5.0.jar:/home/josi/.m2/repository/io/quarkus/quarkus-builder/3.5.0/quarkus-builder-3.5.0.jar:/home/josi/.m2/repository/org/graalvm/sdk/graal-sdk/23.0.1/graal-sdk-23.0.1.jar:/home/josi/.m2/repository/org/junit/platform/junit-platform-launcher/1.10.0/junit-platform-launcher-1.10.0.jar:/home/josi/.m2/repository/io/quarkus/quarkus-bootstrap-maven-resolver/3.5.0/quarkus-bootstrap-maven-resolver-3.5.0.jar:/home/josi/.m2/repository/io/smallrye/beanbag/smallrye-beanbag-maven/1.3.2/smallrye-beanbag-maven-1.3.2.jar:/home/josi/.m2/repository/io/smallrye/beanbag/smallrye-beanbag-sisu/1.3.2/smallrye-beanbag-sisu-1.3.2.jar:/home/josi/.m2/repository/io/smallrye/beanbag/smallrye-beanbag/1.3.2/smallrye-beanbag-1.3.2.jar:/home/josi/.m2/repository/javax/inject/javax.inject/1/javax.inject-1.jar:/home/josi/.m2/repository/org/apache/maven/maven-artifact/3.9.5/maven-artifact-3.9.5.jar:/home/josi/.m2/repository/org/apache/maven/maven-builder-support/3.9.5/maven-builder-support-3.9.5.jar:/home/josi/.m2/repository/org/apache/maven/maven-model/3.9.5/maven-model-3.9.5.jar:/home/josi/.m2/repository/org/apache/maven/maven-model-builder/3.9.5/maven-model-builder-3.9.5.jar:/home/josi/.m2/repository/org/apache/maven/maven-repository-metadata/3.9.5/maven-repository-metadata-3.9.5.jar:/home/josi/.m2/repository/org/apache/maven/maven-settings/3.9.5/maven-settings-3.9.5.jar:/home/josi/.m2/repository/org/apache/maven/resolver/maven-resolver-api/1.9.13/maven-resolver-api-1.9.13.jar:/home/josi/.m2/repository/org/apache/maven/resolver/maven-resolver-impl/1.9.13/maven-resolver-impl-1.9.13.jar:/home/josi/.m2/repository/org/apache/maven/resolver/maven-resolver-named-locks/1.9.13/maven-resolver-named-locks-1.9.13.jar:/home/josi/.m2/repository/org/apache/maven/resolver/maven-resolver-spi/1.9.13/maven-resolver-spi-1.9.13.jar:/home/josi/.m2/repository/org/apache/maven/resolver/maven-resolver-util/1.9.13/maven-resolver-util-1.9.13.jar:/home/josi/.m2/repository/org/apache/maven/resolver/maven-resolver-transport-http/1.9.10/maven-resolver-transport-http-1.9.10.jar:/home/josi/.m2/repository/org/apache/maven/wagon/wagon-provider-api/3.5.3/wagon-provider-api-3.5.3.jar:/home/josi/.m2/repository/org/apache/maven/wagon/wagon-http-shared/3.5.3/wagon-http-shared-3.5.3.jar:/home/josi/.m2/repository/org/codehaus/plexus/plexus-interpolation/1.26/plexus-interpolation-1.26.jar:/home/josi/.m2/repository/org/codehaus/plexus/plexus-utils/3.5.1/plexus-utils-3.5.1.jar:/home/josi/.m2/repository/org/codehaus/plexus/plexus-xml/4.0.0/plexus-xml-4.0.0.jar:/home/josi/.m2/repository/org/apache/maven/maven-xml-impl/4.0.0-alpha-5/maven-xml-impl-4.0.0-alpha-5.jar:/home/josi/.m2/repository/org/apache/maven/maven-api-xml/4.0.0-alpha-5/maven-api-xml-4.0.0-alpha-5.jar:/home/josi/.m2/repository/org/apache/maven/maven-api-meta/4.0.0-alpha-5/maven-api-meta-4.0.0-alpha-5.jar:/home/josi/.m2/repository/org/codehaus/plexus/plexus-cipher/2.0/plexus-cipher-2.0.jar:/home/josi/.m2/repository/org/codehaus/plexus/plexus-sec-dispatcher/2.0/plexus-sec-dispatcher-2.0.jar:/home/josi/.m2/repository/org/apache/maven/maven-embedder/3.9.5/maven-embedder-3.9.5.jar:/home/josi/.m2/repository/org/apache/maven/maven-core/3.9.5/maven-core-3.9.5.jar:/home/josi/.m2/repository/org/codehaus/plexus/plexus-component-annotations/2.1.0/plexus-component-annotations-2.1.0.jar:/home/josi/.m2/repository/org/apache/maven/maven-plugin-api/3.9.5/maven-plugin-api-3.9.5.jar:/home/josi/.m2/repository/org/apache/maven/shared/maven-shared-utils/3.3.4/maven-shared-utils-3.3.4.jar:/home/josi/.m2/repository/com/google/inject/guice/5.1.0/guice-5.1.0.jar:/home/josi/.m2/repository/aopalliance/aopalliance/1.0/aopalliance-1.0.jar:/home/josi/.m2/repository/com/google/guava/guava/32.1.2-jre/guava-32.1.2-jre.jar:/home/josi/.m2/repository/com/google/guava/failureaccess/1.0.1/failureaccess-1.0.1.jar:/home/josi/.m2/repository/javax/annotation/javax.annotation-api/1.3.2/javax.annotation-api-1.3.2.jar:/home/josi/.m2/repository/org/codehaus/plexus/plexus-classworlds/2.6.0/plexus-classworlds-2.6.0.jar:/home/josi/.m2/repository/commons-cli/commons-cli/1.5.0/commons-cli-1.5.0.jar:/home/josi/.m2/repository/org/eclipse/sisu/org.eclipse.sisu.plexus/0.3.5/org.eclipse.sisu.plexus-0.3.5.jar:/home/josi/.m2/repository/org/apache/maven/maven-settings-builder/3.9.5/maven-settings-builder-3.9.5.jar:/home/josi/.m2/repository/org/apache/maven/maven-resolver-provider/3.9.5/maven-resolver-provider-3.9.5.jar:/home/josi/.m2/repository/org/apache/maven/resolver/maven-resolver-connector-basic/1.9.13/maven-resolver-connector-basic-1.9.13.jar:/home/josi/.m2/repository/org/apache/maven/resolver/maven-resolver-transport-wagon/1.9.13/maven-resolver-transport-wagon-1.9.13.jar:/home/josi/.m2/repository/org/apache/maven/wagon/wagon-http/3.5.3/wagon-http-3.5.3.jar:/home/josi/.m2/repository/org/apache/maven/wagon/wagon-file/3.5.3/wagon-file-3.5.3.jar:/home/josi/.m2/repository/io/quarkus/quarkus-bootstrap-gradle-resolver/3.5.0/quarkus-bootstrap-gradle-resolver-3.5.0.jar:/home/josi/.m2/repository/io/smallrye/jandex/3.1.5/jandex-3.1.5.jar:/home/josi/.m2/repository/commons-io/commons-io/2.13.0/commons-io-2.13.0.jar:/home/josi/.m2/repository/org/jboss/logging/commons-logging-jboss-logging/1.0.0.Final/commons-logging-jboss-logging-1.0.0.Final.jar:/home/josi/.m2/repository/io/quarkus/quarkus-junit5-properties/3.5.0/quarkus-junit5-properties-3.5.0.jar:/home/josi/.m2/repository/org/junit/jupiter/junit-jupiter/5.10.0/junit-jupiter-5.10.0.jar:/home/josi/.m2/repository/org/junit/jupiter/junit-jupiter-api/5.10.0/junit-jupiter-api-5.10.0.jar:/home/josi/.m2/repository/org/opentest4j/opentest4j/1.3.0/opentest4j-1.3.0.jar:/home/josi/.m2/repository/org/junit/platform/junit-platform-commons/1.10.0/junit-platform-commons-1.10.0.jar:/home/josi/.m2/repository/org/apiguardian/apiguardian-api/1.1.2/apiguardian-api-1.1.2.jar:/home/josi/.m2/repository/org/junit/jupiter/junit-jupiter-params/5.10.0/junit-jupiter-params-5.10.0.jar:/home/josi/.m2/repository/org/junit/jupiter/junit-jupiter-engine/5.10.0/junit-jupiter-engine-5.10.0.jar:/home/josi/.m2/repository/org/junit/platform/junit-platform-engine/1.10.0/junit-platform-engine-1.10.0.jar:/home/josi/.m2/repository/com/thoughtworks/xstream/xstream/1.4.20/xstream-1.4.20.jar:/home/josi/.m2/repository/io/github/x-stream/mxparser/1.2.2/mxparser-1.2.2.jar:/home/josi/.m2/repository/xmlpull/xmlpull/1.1.3.1/xmlpull-1.1.3.1.jar:/home/josi/.m2/repository/io/rest-assured/rest-assured/5.3.0/rest-assured-5.3.0.jar:/home/josi/.m2/repository/org/apache/groovy/groovy/4.0.6/groovy-4.0.6.jar:/home/josi/.m2/repository/org/apache/groovy/groovy-xml/4.0.6/groovy-xml-4.0.6.jar:/home/josi/.m2/repository/org/apache/httpcomponents/httpclient/4.5.14/httpclient-4.5.14.jar:/home/josi/.m2/repository/org/apache/httpcomponents/httpcore/4.4.16/httpcore-4.4.16.jar:/home/josi/.m2/repository/commons-codec/commons-codec/1.16.0/commons-codec-1.16.0.jar:/home/josi/.m2/repository/org/apache/httpcomponents/httpmime/4.5.14/httpmime-4.5.14.jar:/home/josi/.m2/repository/org/hamcrest/hamcrest/2.1/hamcrest-2.1.jar:/home/josi/.m2/repository/org/ccil/cowan/tagsoup/tagsoup/1.2.1/tagsoup-1.2.1.jar:/home/josi/.m2/repository/io/rest-assured/json-path/5.3.0/json-path-5.3.0.jar:/home/josi/.m2/repository/org/apache/groovy/groovy-json/4.0.6/groovy-json-4.0.6.jar:/home/josi/.m2/repository/io/rest-assured/rest-assured-common/5.3.0/rest-assured-common-5.3.0.jar:/home/josi/.m2/repository/io/rest-assured/xml-path/5.3.0/xml-path-5.3.0.jar:/home/josi/.m2/repository/org/apache/commons/commons-lang3/3.12.0/commons-lang3-3.12.0.jar:/home/josi/.m2/repository/org/mockito/mockito-core/3.12.4/mockito-core-3.12.4.jar:/home/josi/.m2/repository/net/bytebuddy/byte-buddy/1.14.7/byte-buddy-1.14.7.jar:/home/josi/.m2/repository/net/bytebuddy/byte-buddy-agent/1.11.13/byte-buddy-agent-1.11.13.jar:/home/josi/.m2/repository/org/objenesis/objenesis/3.2/objenesis-3.2.jar:/home/josi/.m2/repository/org/mockito/mockito-inline/3.12.4/mockito-inline-3.12.4.jar:"/>
    <property name="java.vm.vendor" value="Oracle Corporation"/>
    <property name="sun.arch.data.model" value="64"/>
    <property name="java.vendor.url" value="https://java.oracle.com/"/>
    <property name="user.timezone" value="America/Sao_Paulo"/>
    <property name="logging.initial-configurator.min-level" value="500"/>
    <property name="os.name" value="Linux"/>
    <property name="java.vm.specification.version" value="21"/>
    <property name="sun.java.launcher" value="SUN_STANDARD"/>
    <property name="user.country" value="BR"/>
    <property name="groovy.use.classvalue" value="false"/>
    <property name="sun.boot.library.path" value="/usr/lib/jvm/jdk-21-oracle-x64/lib"/>
    <property name="sun.java.command" value="/home/josi/coding/first/first-test/target/surefire/surefirebooter-20231113150857241_3.jar /home/josi/coding/first/first-test/target/surefire 2023-11-13T15-08-57_087-jvmRun1 surefire-20231113150857241_1tmp surefire_0-20231113150857241_2tmp"/>
    <property name="jdk.debug" value="release"/>
    <property name="maven.home" value="/usr/share/maven"/>
    <property name="surefire.test.class.path" value="/home/josi/coding/first/first-test/target/test-classes:/home/josi/coding/first/first-test/target/classes:/home/josi/.m2/repository/io/quarkus/quarkus-arc/3.5.0/quarkus-arc-3.5.0.jar:/home/josi/.m2/repository/io/quarkus/arc/arc/3.5.0/arc-3.5.0.jar:/home/josi/.m2/repository/jakarta/enterprise/jakarta.enterprise.cdi-api/4.0.1/jakarta.enterprise.cdi-api-4.0.1.jar:/home/josi/.m2/repository/jakarta/enterprise/jakarta.enterprise.lang-model/4.0.1/jakarta.enterprise.lang-model-4.0.1.jar:/home/josi/.m2/repository/jakarta/el/jakarta.el-api/5.0.1/jakarta.el-api-5.0.1.jar:/home/josi/.m2/repository/jakarta/interceptor/jakarta.interceptor-api/2.1.0/jakarta.interceptor-api-2.1.0.jar:/home/josi/.m2/repository/jakarta/annotation/jakarta.annotation-api/2.1.1/jakarta.annotation-api-2.1.1.jar:/home/josi/.m2/repository/jakarta/transaction/jakarta.transaction-api/2.0.1/jakarta.transaction-api-2.0.1.jar:/home/josi/.m2/repository/io/smallrye/reactive/mutiny/2.5.1/mutiny-2.5.1.jar:/home/josi/.m2/repository/io/smallrye/common/smallrye-common-annotation/2.1.2/smallrye-common-annotation-2.1.2.jar:/home/josi/.m2/repository/org/jboss/logging/jboss-logging/3.5.3.Final/jboss-logging-3.5.3.Final.jar:/home/josi/.m2/repository/io/quarkus/quarkus-core/3.5.0/quarkus-core-3.5.0.jar:/home/josi/.m2/repository/jakarta/inject/jakarta.inject-api/2.0.1/jakarta.inject-api-2.0.1.jar:/home/josi/.m2/repository/io/smallrye/common/smallrye-common-os/2.1.2/smallrye-common-os-2.1.2.jar:/home/josi/.m2/repository/io/quarkus/quarkus-ide-launcher/3.5.0/quarkus-ide-launcher-3.5.0.jar:/home/josi/.m2/repository/io/quarkus/quarkus-development-mode-spi/3.5.0/quarkus-development-mode-spi-3.5.0.jar:/home/josi/.m2/repository/io/smallrye/config/smallrye-config/3.4.1/smallrye-config-3.4.1.jar:/home/josi/.m2/repository/io/smallrye/config/smallrye-config-core/3.4.1/smallrye-config-core-3.4.1.jar:/home/josi/.m2/repository/org/eclipse/microprofile/config/microprofile-config-api/3.0.3/microprofile-config-api-3.0.3.jar:/home/josi/.m2/repository/io/smallrye/common/smallrye-common-classloader/2.1.2/smallrye-common-classloader-2.1.2.jar:/home/josi/.m2/repository/io/smallrye/config/smallrye-config-common/3.4.1/smallrye-config-common-3.4.1.jar:/home/josi/.m2/repository/org/jboss/logmanager/jboss-logmanager/3.0.2.Final/jboss-logmanager-3.0.2.Final.jar:/home/josi/.m2/repository/io/smallrye/common/smallrye-common-constraint/2.1.2/smallrye-common-constraint-2.1.2.jar:/home/josi/.m2/repository/io/smallrye/common/smallrye-common-cpu/2.1.2/smallrye-common-cpu-2.1.2.jar:/home/josi/.m2/repository/io/smallrye/common/smallrye-common-expression/2.1.2/smallrye-common-expression-2.1.2.jar:/home/josi/.m2/repository/io/smallrye/common/smallrye-common-function/2.1.2/smallrye-common-function-2.1.2.jar:/home/josi/.m2/repository/io/smallrye/common/smallrye-common-net/2.1.2/smallrye-common-net-2.1.2.jar:/home/josi/.m2/repository/io/smallrye/common/smallrye-common-ref/2.1.2/smallrye-common-ref-2.1.2.jar:/home/josi/.m2/repository/jakarta/json/jakarta.json-api/2.1.2/jakarta.json-api-2.1.2.jar:/home/josi/.m2/repository/org/eclipse/parsson/parsson/1.1.4/parsson-1.1.4.jar:/home/josi/.m2/repository/org/jboss/logging/jboss-logging-annotations/2.2.1.Final/jboss-logging-annotations-2.2.1.Final.jar:/home/josi/.m2/repository/org/jboss/threads/jboss-threads/3.5.0.Final/jboss-threads-3.5.0.Final.jar:/home/josi/.m2/repository/org/slf4j/slf4j-api/2.0.6/slf4j-api-2.0.6.jar:/home/josi/.m2/repository/org/jboss/slf4j/slf4j-jboss-logmanager/2.0.0.Final/slf4j-jboss-logmanager-2.0.0.Final.jar:/home/josi/.m2/repository/org/wildfly/common/wildfly-common/1.5.4.Final-format-001/wildfly-common-1.5.4.Final-format-001.jar:/home/josi/.m2/repository/io/quarkus/quarkus-bootstrap-runner/3.5.0/quarkus-bootstrap-runner-3.5.0.jar:/home/josi/.m2/repository/io/github/crac/org-crac/0.1.3/org-crac-0.1.3.jar:/home/josi/.m2/repository/io/quarkus/quarkus-fs-util/0.0.9/quarkus-fs-util-0.0.9.jar:/home/josi/.m2/repository/org/eclipse/microprofile/context-propagation/microprofile-context-propagation-api/1.3/microprofile-context-propagation-api-1.3.jar:/home/josi/.m2/repository/io/quarkus/quarkus-hibernate-orm-panache/3.5.0/quarkus-hibernate-orm-panache-3.5.0.jar:/home/josi/.m2/repository/io/quarkus/quarkus-hibernate-orm/3.5.0/quarkus-hibernate-orm-3.5.0.jar:/home/josi/.m2/repository/io/quarkus/quarkus-agroal/3.5.0/quarkus-agroal-3.5.0.jar:/home/josi/.m2/repository/io/quarkus/quarkus-datasource/3.5.0/quarkus-datasource-3.5.0.jar:/home/josi/.m2/repository/io/agroal/agroal-api/2.1/agroal-api-2.1.jar:/home/josi/.m2/repository/io/agroal/agroal-narayana/2.1/agroal-narayana-2.1.jar:/home/josi/.m2/repository/org/jboss/jboss-transaction-spi/8.0.0.Final/jboss-transaction-spi-8.0.0.Final.jar:/home/josi/.m2/repository/io/agroal/agroal-pool/2.1/agroal-pool-2.1.jar:/home/josi/.m2/repository/io/quarkus/quarkus-credentials/3.5.0/quarkus-credentials-3.5.0.jar:/home/josi/.m2/repository/io/quarkus/quarkus-narayana-jta/3.5.0/quarkus-narayana-jta-3.5.0.jar:/home/josi/.m2/repository/io/quarkus/quarkus-transaction-annotations/3.5.0/quarkus-transaction-annotations-3.5.0.jar:/home/josi/.m2/repository/io/quarkus/quarkus-mutiny/3.5.0/quarkus-mutiny-3.5.0.jar:/home/josi/.m2/repository/io/quarkus/quarkus-smallrye-context-propagation/3.5.0/quarkus-smallrye-context-propagation-3.5.0.jar:/home/josi/.m2/repository/io/smallrye/smallrye-context-propagation/2.1.0/smallrye-context-propagation-2.1.0.jar:/home/josi/.m2/repository/io/smallrye/smallrye-context-propagation-api/2.1.0/smallrye-context-propagation-api-2.1.0.jar:/home/josi/.m2/repository/io/smallrye/smallrye-context-propagation-storage/2.1.0/smallrye-context-propagation-storage-2.1.0.jar:/home/josi/.m2/repository/io/smallrye/reactive/mutiny-smallrye-context-propagation/2.5.1/mutiny-smallrye-context-propagation-2.5.1.jar:/home/josi/.m2/repository/io/quarkus/quarkus-datasource-common/3.5.0/quarkus-datasource-common-3.5.0.jar:/home/josi/.m2/repository/io/smallrye/smallrye-context-propagation-jta/2.1.0/smallrye-context-propagation-jta-2.1.0.jar:/home/josi/.m2/repository/io/smallrye/reactive/smallrye-reactive-converter-api/3.0.1/smallrye-reactive-converter-api-3.0.1.jar:/home/josi/.m2/repository/org/reactivestreams/reactive-streams/1.0.4/reactive-streams-1.0.4.jar:/home/josi/.m2/repository/io/smallrye/reactive/smallrye-reactive-converter-mutiny/3.0.1/smallrye-reactive-converter-mutiny-3.0.1.jar:/home/josi/.m2/repository/io/smallrye/reactive/mutiny-zero-flow-adapters/1.0.0/mutiny-zero-flow-adapters-1.0.0.jar:/home/josi/.m2/repository/org/jboss/narayana/jta/narayana-jta/7.0.0.Final/narayana-jta-7.0.0.Final.jar:/home/josi/.m2/repository/jakarta/resource/jakarta.resource-api/2.1.0/jakarta.resource-api-2.1.0.jar:/home/josi/.m2/repository/org/jboss/invocation/jboss-invocation/2.0.0.Final/jboss-invocation-2.0.0.Final.jar:/home/josi/.m2/repository/jakarta/ejb/jakarta.ejb-api/4.0.1/jakarta.ejb-api-4.0.1.jar:/home/josi/.m2/repository/org/eclipse/microprofile/reactive-streams-operators/microprofile-reactive-streams-operators-api/3.0/microprofile-reactive-streams-operators-api-3.0.jar:/home/josi/.m2/repository/org/jboss/narayana/jts/narayana-jts-integration/7.0.0.Final/narayana-jts-integration-7.0.0.Final.jar:/home/josi/.m2/repository/org/hibernate/orm/hibernate-core/6.2.13.Final/hibernate-core-6.2.13.Final.jar:/home/josi/.m2/repository/com/fasterxml/classmate/1.5.1/classmate-1.5.1.jar:/home/josi/.m2/repository/org/antlr/antlr4-runtime/4.10.1/antlr4-runtime-4.10.1.jar:/home/josi/.m2/repository/org/hibernate/common/hibernate-commons-annotations/6.0.6.Final/hibernate-commons-annotations-6.0.6.Final.jar:/home/josi/.m2/repository/org/hibernate/orm/hibernate-graalvm/6.2.13.Final/hibernate-graalvm-6.2.13.Final.jar:/home/josi/.m2/repository/org/glassfish/jaxb/jaxb-runtime/4.0.3/jaxb-runtime-4.0.3.jar:/home/josi/.m2/repository/org/glassfish/jaxb/jaxb-core/4.0.3/jaxb-core-4.0.3.jar:/home/josi/.m2/repository/org/eclipse/angus/angus-activation/2.0.1/angus-activation-2.0.1.jar:/home/josi/.m2/repository/org/glassfish/jaxb/txw2/4.0.3/txw2-4.0.3.jar:/home/josi/.m2/repository/com/sun/istack/istack-commons-runtime/4.1.2/istack-commons-runtime-4.1.2.jar:/home/josi/.m2/repository/jakarta/persistence/jakarta.persistence-api/3.1.0/jakarta.persistence-api-3.1.0.jar:/home/josi/.m2/repository/org/hibernate/quarkus-local-cache/0.2.1/quarkus-local-cache-0.2.1.jar:/home/josi/.m2/repository/io/quarkus/quarkus-caffeine/3.5.0/quarkus-caffeine-3.5.0.jar:/home/josi/.m2/repository/com/github/ben-manes/caffeine/caffeine/3.1.5/caffeine-3.1.5.jar:/home/josi/.m2/repository/com/google/errorprone/error_prone_annotations/2.22.0/error_prone_annotations-2.22.0.jar:/home/josi/.m2/repository/io/quarkus/quarkus-hibernate-orm-panache-common/3.5.0/quarkus-hibernate-orm-panache-common-3.5.0.jar:/home/josi/.m2/repository/io/quarkus/quarkus-panache-hibernate-common/3.5.0/quarkus-panache-hibernate-common-3.5.0.jar:/home/josi/.m2/repository/io/quarkus/quarkus-panache-common/3.5.0/quarkus-panache-common-3.5.0.jar:/home/josi/.m2/repository/io/quarkus/quarkus-jdbc-postgresql/3.5.0/quarkus-jdbc-postgresql-3.5.0.jar:/home/josi/.m2/repository/org/postgresql/postgresql/42.6.0/postgresql-42.6.0.jar:/home/josi/.m2/repository/io/quarkus/quarkus-resteasy-jackson/3.5.0/quarkus-resteasy-jackson-3.5.0.jar:/home/josi/.m2/repository/io/quarkus/quarkus-resteasy/3.5.0/quarkus-resteasy-3.5.0.jar:/home/josi/.m2/repository/io/quarkus/quarkus-vertx-http/3.5.0/quarkus-vertx-http-3.5.0.jar:/home/josi/.m2/repository/io/quarkus/quarkus-security-runtime-spi/3.5.0/quarkus-security-runtime-spi-3.5.0.jar:/home/josi/.m2/repository/io/smallrye/common/smallrye-common-vertx-context/2.1.2/smallrye-common-vertx-context-2.1.2.jar:/home/josi/.m2/repository/io/vertx/vertx-core/4.4.5/vertx-core-4.4.5.jar:/home/josi/.m2/repository/io/netty/netty-common/4.1.100.Final/netty-common-4.1.100.Final.jar:/home/josi/.m2/repository/io/netty/netty-buffer/4.1.100.Final/netty-buffer-4.1.100.Final.jar:/home/josi/.m2/repository/io/netty/netty-transport/4.1.100.Final/netty-transport-4.1.100.Final.jar:/home/josi/.m2/repository/io/netty/netty-handler/4.1.100.Final/netty-handler-4.1.100.Final.jar:/home/josi/.m2/repository/io/netty/netty-transport-native-unix-common/4.1.100.Final/netty-transport-native-unix-common-4.1.100.Final.jar:/home/josi/.m2/repository/io/netty/netty-handler-proxy/4.1.100.Final/netty-handler-proxy-4.1.100.Final.jar:/home/josi/.m2/repository/io/netty/netty-codec-socks/4.1.100.Final/netty-codec-socks-4.1.100.Final.jar:/home/josi/.m2/repository/io/netty/netty-codec-http/4.1.100.Final/netty-codec-http-4.1.100.Final.jar:/home/josi/.m2/repository/io/netty/netty-codec-http2/4.1.100.Final/netty-codec-http2-4.1.100.Final.jar:/home/josi/.m2/repository/io/netty/netty-resolver/4.1.100.Final/netty-resolver-4.1.100.Final.jar:/home/josi/.m2/repository/io/netty/netty-resolver-dns/4.1.100.Final/netty-resolver-dns-4.1.100.Final.jar:/home/josi/.m2/repository/io/netty/netty-codec-dns/4.1.100.Final/netty-codec-dns-4.1.100.Final.jar:/home/josi/.m2/repository/io/quarkus/security/quarkus-security/2.0.2.Final/quarkus-security-2.0.2.Final.jar:/home/josi/.m2/repository/io/quarkus/quarkus-vertx/3.5.0/quarkus-vertx-3.5.0.jar:/home/josi/.m2/repository/io/quarkus/quarkus-netty/3.5.0/quarkus-netty-3.5.0.jar:/home/josi/.m2/repository/io/netty/netty-codec/4.1.100.Final/netty-codec-4.1.100.Final.jar:/home/josi/.m2/repository/com/aayushatharva/brotli4j/brotli4j/1.12.0/brotli4j-1.12.0.jar:/home/josi/.m2/repository/com/aayushatharva/brotli4j/service/1.12.0/service-1.12.0.jar:/home/josi/.m2/repository/com/aayushatharva/brotli4j/native-linux-x86_64/1.12.0/native-linux-x86_64-1.12.0.jar:/home/josi/.m2/repository/io/netty/netty-codec-haproxy/4.1.100.Final/netty-codec-haproxy-4.1.100.Final.jar:/home/josi/.m2/repository/io/quarkus/quarkus-virtual-threads/3.5.0/quarkus-virtual-threads-3.5.0.jar:/home/josi/.m2/repository/io/quarkus/quarkus-vertx-latebound-mdc-provider/3.5.0/quarkus-vertx-latebound-mdc-provider-3.5.0.jar:/home/josi/.m2/repository/io/smallrye/reactive/smallrye-mutiny-vertx-core/3.6.0/smallrye-mutiny-vertx-core-3.6.0.jar:/home/josi/.m2/repository/io/smallrye/reactive/smallrye-mutiny-vertx-runtime/3.6.0/smallrye-mutiny-vertx-runtime-3.6.0.jar:/home/josi/.m2/repository/io/smallrye/reactive/vertx-mutiny-generator/3.6.0/vertx-mutiny-generator-3.6.0.jar:/home/josi/.m2/repository/io/vertx/vertx-codegen/4.4.5/vertx-codegen-4.4.5.jar:/home/josi/.m2/repository/io/smallrye/smallrye-fault-tolerance-vertx/6.2.6/smallrye-fault-tolerance-vertx-6.2.6.jar:/home/josi/.m2/repository/io/smallrye/reactive/smallrye-mutiny-vertx-web/3.6.0/smallrye-mutiny-vertx-web-3.6.0.jar:/home/josi/.m2/repository/io/smallrye/reactive/smallrye-mutiny-vertx-web-common/3.6.0/smallrye-mutiny-vertx-web-common-3.6.0.jar:/home/josi/.m2/repository/io/smallrye/reactive/smallrye-mutiny-vertx-auth-common/3.6.0/smallrye-mutiny-vertx-auth-common-3.6.0.jar:/home/josi/.m2/repository/io/smallrye/reactive/smallrye-mutiny-vertx-bridge-common/3.6.0/smallrye-mutiny-vertx-bridge-common-3.6.0.jar:/home/josi/.m2/repository/io/smallrye/reactive/smallrye-mutiny-vertx-uri-template/3.6.0/smallrye-mutiny-vertx-uri-template-3.6.0.jar:/home/josi/.m2/repository/io/vertx/vertx-uri-template/4.4.5/vertx-uri-template-4.4.5.jar:/home/josi/.m2/repository/io/vertx/vertx-web/4.4.5/vertx-web-4.4.5.jar:/home/josi/.m2/repository/io/vertx/vertx-web-common/4.4.5/vertx-web-common-4.4.5.jar:/home/josi/.m2/repository/io/vertx/vertx-auth-common/4.4.5/vertx-auth-common-4.4.5.jar:/home/josi/.m2/repository/io/vertx/vertx-bridge-common/4.4.5/vertx-bridge-common-4.4.5.jar:/home/josi/.m2/repository/io/quarkus/quarkus-resteasy-server-common/3.5.0/quarkus-resteasy-server-common-3.5.0.jar:/home/josi/.m2/repository/io/quarkus/quarkus-resteasy-common/3.5.0/quarkus-resteasy-common-3.5.0.jar:/home/josi/.m2/repository/org/jboss/resteasy/resteasy-core/6.2.5.Final/resteasy-core-6.2.5.Final.jar:/home/josi/.m2/repository/com/ibm/async/asyncutil/0.1.0/asyncutil-0.1.0.jar:/home/josi/.m2/repository/jakarta/ws/rs/jakarta.ws.rs-api/3.1.0/jakarta.ws.rs-api-3.1.0.jar:/home/josi/.m2/repository/org/jboss/resteasy/microprofile/microprofile-config/2.1.4.Final/microprofile-config-2.1.4.Final.jar:/home/josi/.m2/repository/jakarta/servlet/jakarta.servlet-api/6.0.0/jakarta.servlet-api-6.0.0.jar:/home/josi/.m2/repository/org/jboss/resteasy/resteasy-cdi/6.2.5.Final/resteasy-cdi-6.2.5.Final.jar:/home/josi/.m2/repository/org/jboss/resteasy/resteasy-core-spi/6.2.5.Final/resteasy-core-spi-6.2.5.Final.jar:/home/josi/.m2/repository/org/jboss/weld/weld-api/5.0.SP2/weld-api-5.0.SP2.jar:/home/josi/.m2/repository/jakarta/validation/jakarta.validation-api/3.0.2/jakarta.validation-api-3.0.2.jar:/home/josi/.m2/repository/io/quarkus/quarkus-jackson/3.5.0/quarkus-jackson-3.5.0.jar:/home/josi/.m2/repository/com/fasterxml/jackson/core/jackson-databind/2.15.2/jackson-databind-2.15.2.jar:/home/josi/.m2/repository/com/fasterxml/jackson/datatype/jackson-datatype-jsr310/2.15.2/jackson-datatype-jsr310-2.15.2.jar:/home/josi/.m2/repository/com/fasterxml/jackson/datatype/jackson-datatype-jdk8/2.15.2/jackson-datatype-jdk8-2.15.2.jar:/home/josi/.m2/repository/com/fasterxml/jackson/module/jackson-module-parameter-names/2.15.2/jackson-module-parameter-names-2.15.2.jar:/home/josi/.m2/repository/org/jboss/resteasy/resteasy-jackson2-provider/6.2.5.Final/resteasy-jackson2-provider-6.2.5.Final.jar:/home/josi/.m2/repository/com/fasterxml/jackson/core/jackson-core/2.15.2/jackson-core-2.15.2.jar:/home/josi/.m2/repository/com/fasterxml/jackson/core/jackson-annotations/2.15.2/jackson-annotations-2.15.2.jar:/home/josi/.m2/repository/com/fasterxml/jackson/jakarta/rs/jackson-jakarta-rs-base/2.15.2/jackson-jakarta-rs-base-2.15.2.jar:/home/josi/.m2/repository/com/fasterxml/jackson/jakarta/rs/jackson-jakarta-rs-json-provider/2.15.2/jackson-jakarta-rs-json-provider-2.15.2.jar:/home/josi/.m2/repository/com/fasterxml/jackson/module/jackson-module-jakarta-xmlbind-annotations/2.15.2/jackson-module-jakarta-xmlbind-annotations-2.15.2.jar:/home/josi/.m2/repository/com/github/java-json-tools/json-patch/1.13/json-patch-1.13.jar:/home/josi/.m2/repository/com/github/java-json-tools/msg-simple/1.2/msg-simple-1.2.jar:/home/josi/.m2/repository/com/github/java-json-tools/btf/1.3/btf-1.3.jar:/home/josi/.m2/repository/com/github/java-json-tools/jackson-coreutils/2.0/jackson-coreutils-2.0.jar:/home/josi/.m2/repository/jakarta/xml/bind/jakarta.xml.bind-api/4.0.1/jakarta.xml.bind-api-4.0.1.jar:/home/josi/.m2/repository/jakarta/activation/jakarta.activation-api/2.1.2/jakarta.activation-api-2.1.2.jar:/home/josi/.m2/repository/io/quarkus/quarkus-jacoco/3.5.0/quarkus-jacoco-3.5.0.jar:/home/josi/.m2/repository/org/jacoco/org.jacoco.core/0.8.10/org.jacoco.core-0.8.10.jar:/home/josi/.m2/repository/org/ow2/asm/asm/9.5/asm-9.5.jar:/home/josi/.m2/repository/org/ow2/asm/asm-tree/9.5/asm-tree-9.5.jar:/home/josi/.m2/repository/org/jacoco/org.jacoco.report/0.8.10/org.jacoco.report-0.8.10.jar:/home/josi/.m2/repository/org/jacoco/org.jacoco.agent/0.8.10/org.jacoco.agent-0.8.10.jar:/home/josi/.m2/repository/org/jacoco/org.jacoco.agent/0.8.10/org.jacoco.agent-0.8.10-runtime.jar:/home/josi/.m2/repository/org/ow2/asm/asm-commons/9.5/asm-commons-9.5.jar:/home/josi/.m2/repository/io/quarkus/quarkus-junit5/3.5.0/quarkus-junit5-3.5.0.jar:/home/josi/.m2/repository/io/quarkus/quarkus-bootstrap-core/3.5.0/quarkus-bootstrap-core-3.5.0.jar:/home/josi/.m2/repository/io/quarkus/quarkus-bootstrap-app-model/3.5.0/quarkus-bootstrap-app-model-3.5.0.jar:/home/josi/.m2/repository/io/smallrye/common/smallrye-common-io/2.1.2/smallrye-common-io-2.1.2.jar:/home/josi/.m2/repository/org/eclipse/sisu/org.eclipse.sisu.inject/0.3.5/org.eclipse.sisu.inject-0.3.5.jar:/home/josi/.m2/repository/io/quarkus/quarkus-test-common/3.5.0/quarkus-test-common-3.5.0.jar:/home/josi/.m2/repository/io/quarkus/quarkus-core-deployment/3.5.0/quarkus-core-deployment-3.5.0.jar:/home/josi/.m2/repository/org/aesh/readline/2.4/readline-2.4.jar:/home/josi/.m2/repository/org/fusesource/jansi/jansi/2.4.0/jansi-2.4.0.jar:/home/josi/.m2/repository/org/aesh/aesh/2.7/aesh-2.7.jar:/home/josi/.m2/repository/io/quarkus/gizmo/gizmo/1.7.0/gizmo-1.7.0.jar:/home/josi/.m2/repository/org/ow2/asm/asm-util/9.5/asm-util-9.5.jar:/home/josi/.m2/repository/org/ow2/asm/asm-analysis/9.5/asm-analysis-9.5.jar:/home/josi/.m2/repository/io/quarkus/quarkus-class-change-agent/3.5.0/quarkus-class-change-agent-3.5.0.jar:/home/josi/.m2/repository/io/quarkus/quarkus-devtools-utilities/3.5.0/quarkus-devtools-utilities-3.5.0.jar:/home/josi/.m2/repository/io/quarkus/quarkus-builder/3.5.0/quarkus-builder-3.5.0.jar:/home/josi/.m2/repository/org/graalvm/sdk/graal-sdk/23.0.1/graal-sdk-23.0.1.jar:/home/josi/.m2/repository/org/junit/platform/junit-platform-launcher/1.10.0/junit-platform-launcher-1.10.0.jar:/home/josi/.m2/repository/io/quarkus/quarkus-bootstrap-maven-resolver/3.5.0/quarkus-bootstrap-maven-resolver-3.5.0.jar:/home/josi/.m2/repository/io/smallrye/beanbag/smallrye-beanbag-maven/1.3.2/smallrye-beanbag-maven-1.3.2.jar:/home/josi/.m2/repository/io/smallrye/beanbag/smallrye-beanbag-sisu/1.3.2/smallrye-beanbag-sisu-1.3.2.jar:/home/josi/.m2/repository/io/smallrye/beanbag/smallrye-beanbag/1.3.2/smallrye-beanbag-1.3.2.jar:/home/josi/.m2/repository/javax/inject/javax.inject/1/javax.inject-1.jar:/home/josi/.m2/repository/org/apache/maven/maven-artifact/3.9.5/maven-artifact-3.9.5.jar:/home/josi/.m2/repository/org/apache/maven/maven-builder-support/3.9.5/maven-builder-support-3.9.5.jar:/home/josi/.m2/repository/org/apache/maven/maven-model/3.9.5/maven-model-3.9.5.jar:/home/josi/.m2/repository/org/apache/maven/maven-model-builder/3.9.5/maven-model-builder-3.9.5.jar:/home/josi/.m2/repository/org/apache/maven/maven-repository-metadata/3.9.5/maven-repository-metadata-3.9.5.jar:/home/josi/.m2/repository/org/apache/maven/maven-settings/3.9.5/maven-settings-3.9.5.jar:/home/josi/.m2/repository/org/apache/maven/resolver/maven-resolver-api/1.9.13/maven-resolver-api-1.9.13.jar:/home/josi/.m2/repository/org/apache/maven/resolver/maven-resolver-impl/1.9.13/maven-resolver-impl-1.9.13.jar:/home/josi/.m2/repository/org/apache/maven/resolver/maven-resolver-named-locks/1.9.13/maven-resolver-named-locks-1.9.13.jar:/home/josi/.m2/repository/org/apache/maven/resolver/maven-resolver-spi/1.9.13/maven-resolver-spi-1.9.13.jar:/home/josi/.m2/repository/org/apache/maven/resolver/maven-resolver-util/1.9.13/maven-resolver-util-1.9.13.jar:/home/josi/.m2/repository/org/apache/maven/resolver/maven-resolver-transport-http/1.9.10/maven-resolver-transport-http-1.9.10.jar:/home/josi/.m2/repository/org/apache/maven/wagon/wagon-provider-api/3.5.3/wagon-provider-api-3.5.3.jar:/home/josi/.m2/repository/org/apache/maven/wagon/wagon-http-shared/3.5.3/wagon-http-shared-3.5.3.jar:/home/josi/.m2/repository/org/codehaus/plexus/plexus-interpolation/1.26/plexus-interpolation-1.26.jar:/home/josi/.m2/repository/org/codehaus/plexus/plexus-utils/3.5.1/plexus-utils-3.5.1.jar:/home/josi/.m2/repository/org/codehaus/plexus/plexus-xml/4.0.0/plexus-xml-4.0.0.jar:/home/josi/.m2/repository/org/apache/maven/maven-xml-impl/4.0.0-alpha-5/maven-xml-impl-4.0.0-alpha-5.jar:/home/josi/.m2/repository/org/apache/maven/maven-api-xml/4.0.0-alpha-5/maven-api-xml-4.0.0-alpha-5.jar:/home/josi/.m2/repository/org/apache/maven/maven-api-meta/4.0.0-alpha-5/maven-api-meta-4.0.0-alpha-5.jar:/home/josi/.m2/repository/org/codehaus/plexus/plexus-cipher/2.0/plexus-cipher-2.0.jar:/home/josi/.m2/repository/org/codehaus/plexus/plexus-sec-dispatcher/2.0/plexus-sec-dispatcher-2.0.jar:/home/josi/.m2/repository/org/apache/maven/maven-embedder/3.9.5/maven-embedder-3.9.5.jar:/home/josi/.m2/repository/org/apache/maven/maven-core/3.9.5/maven-core-3.9.5.jar:/home/josi/.m2/repository/org/codehaus/plexus/plexus-component-annotations/2.1.0/plexus-component-annotations-2.1.0.jar:/home/josi/.m2/repository/org/apache/maven/maven-plugin-api/3.9.5/maven-plugin-api-3.9.5.jar:/home/josi/.m2/repository/org/apache/maven/shared/maven-shared-utils/3.3.4/maven-shared-utils-3.3.4.jar:/home/josi/.m2/repository/com/google/inject/guice/5.1.0/guice-5.1.0.jar:/home/josi/.m2/repository/aopalliance/aopalliance/1.0/aopalliance-1.0.jar:/home/josi/.m2/repository/com/google/guava/guava/32.1.2-jre/guava-32.1.2-jre.jar:/home/josi/.m2/repository/com/google/guava/failureaccess/1.0.1/failureaccess-1.0.1.jar:/home/josi/.m2/repository/javax/annotation/javax.annotation-api/1.3.2/javax.annotation-api-1.3.2.jar:/home/josi/.m2/repository/org/codehaus/plexus/plexus-classworlds/2.6.0/plexus-classworlds-2.6.0.jar:/home/josi/.m2/repository/commons-cli/commons-cli/1.5.0/commons-cli-1.5.0.jar:/home/josi/.m2/repository/org/eclipse/sisu/org.eclipse.sisu.plexus/0.3.5/org.eclipse.sisu.plexus-0.3.5.jar:/home/josi/.m2/repository/org/apache/maven/maven-settings-builder/3.9.5/maven-settings-builder-3.9.5.jar:/home/josi/.m2/repository/org/apache/maven/maven-resolver-provider/3.9.5/maven-resolver-provider-3.9.5.jar:/home/josi/.m2/repository/org/apache/maven/resolver/maven-resolver-connector-basic/1.9.13/maven-resolver-connector-basic-1.9.13.jar:/home/josi/.m2/repository/org/apache/maven/resolver/maven-resolver-transport-wagon/1.9.13/maven-resolver-transport-wagon-1.9.13.jar:/home/josi/.m2/repository/org/apache/maven/wagon/wagon-http/3.5.3/wagon-http-3.5.3.jar:/home/josi/.m2/repository/org/apache/maven/wagon/wagon-file/3.5.3/wagon-file-3.5.3.jar:/home/josi/.m2/repository/io/quarkus/quarkus-bootstrap-gradle-resolver/3.5.0/quarkus-bootstrap-gradle-resolver-3.5.0.jar:/home/josi/.m2/repository/io/smallrye/jandex/3.1.5/jandex-3.1.5.jar:/home/josi/.m2/repository/commons-io/commons-io/2.13.0/commons-io-2.13.0.jar:/home/josi/.m2/repository/org/jboss/logging/commons-logging-jboss-logging/1.0.0.Final/commons-logging-jboss-logging-1.0.0.Final.jar:/home/josi/.m2/repository/io/quarkus/quarkus-junit5-properties/3.5.0/quarkus-junit5-properties-3.5.0.jar:/home/josi/.m2/repository/org/junit/jupiter/junit-jupiter/5.10.0/junit-jupiter-5.10.0.jar:/home/josi/.m2/repository/org/junit/jupiter/junit-jupiter-api/5.10.0/junit-jupiter-api-5.10.0.jar:/home/josi/.m2/repository/org/opentest4j/opentest4j/1.3.0/opentest4j-1.3.0.jar:/home/josi/.m2/repository/org/junit/platform/junit-platform-commons/1.10.0/junit-platform-commons-1.10.0.jar:/home/josi/.m2/repository/org/apiguardian/apiguardian-api/1.1.2/apiguardian-api-1.1.2.jar:/home/josi/.m2/repository/org/junit/jupiter/junit-jupiter-params/5.10.0/junit-jupiter-params-5.10.0.jar:/home/josi/.m2/repository/org/junit/jupiter/junit-jupiter-engine/5.10.0/junit-jupiter-engine-5.10.0.jar:/home/josi/.m2/repository/org/junit/platform/junit-platform-engine/1.10.0/junit-platform-engine-1.10.0.jar:/home/josi/.m2/repository/com/thoughtworks/xstream/xstream/1.4.20/xstream-1.4.20.jar:/home/josi/.m2/repository/io/github/x-stream/mxparser/1.2.2/mxparser-1.2.2.jar:/home/josi/.m2/repository/xmlpull/xmlpull/1.1.3.1/xmlpull-1.1.3.1.jar:/home/josi/.m2/repository/io/rest-assured/rest-assured/5.3.0/rest-assured-5.3.0.jar:/home/josi/.m2/repository/org/apache/groovy/groovy/4.0.6/groovy-4.0.6.jar:/home/josi/.m2/repository/org/apache/groovy/groovy-xml/4.0.6/groovy-xml-4.0.6.jar:/home/josi/.m2/repository/org/apache/httpcomponents/httpclient/4.5.14/httpclient-4.5.14.jar:/home/josi/.m2/repository/org/apache/httpcomponents/httpcore/4.4.16/httpcore-4.4.16.jar:/home/josi/.m2/repository/commons-codec/commons-codec/1.16.0/commons-codec-1.16.0.jar:/home/josi/.m2/repository/org/apache/httpcomponents/httpmime/4.5.14/httpmime-4.5.14.jar:/home/josi/.m2/repository/org/hamcrest/hamcrest/2.1/hamcrest-2.1.jar:/home/josi/.m2/repository/org/ccil/cowan/tagsoup/tagsoup/1.2.1/tagsoup-1.2.1.jar:/home/josi/.m2/repository/io/rest-assured/json-path/5.3.0/json-path-5.3.0.jar:/home/josi/.m2/repository/org/apache/groovy/groovy-json/4.0.6/groovy-json-4.0.6.jar:/home/josi/.m2/repository/io/rest-assured/rest-assured-common/5.3.0/rest-assured-common-5.3.0.jar:/home/josi/.m2/repository/io/rest-assured/xml-path/5.3.0/xml-path-5.3.0.jar:/home/josi/.m2/repository/org/apache/commons/commons-lang3/3.12.0/commons-lang3-3.12.0.jar:/home/josi/.m2/repository/org/mockito/mockito-core/3.12.4/mockito-core-3.12.4.jar:/home/josi/.m2/repository/net/bytebuddy/byte-buddy/1.14.7/byte-buddy-1.14.7.jar:/home/josi/.m2/repository/net/bytebuddy/byte-buddy-agent/1.11.13/byte-buddy-agent-1.11.13.jar:/home/josi/.m2/repository/org/objenesis/objenesis/3.2/objenesis-3.2.jar:/home/josi/.m2/repository/org/mockito/mockito-inline/3.12.4/mockito-inline-3.12.4.jar:"/>
    <property name="sun.cpu.endian" value="little"/>
    <property name="vertx.disableWebsockets" value="true"/>
    <property name="user.home" value="/home/josi"/>
    <property name="user.language" value="pt"/>
    <property name="jboss.log-version" value="false"/>
    <property name="java.specification.vendor" value="Oracle Corporation"/>
    <property name="io.netty.allocator.maxOrder" value="3"/>
    <property name="java.version.date" value="2023-09-19"/>
    <property name="java.home" value="/usr/lib/jvm/jdk-21-oracle-x64"/>
    <property name="file.separator" value="/"/>
    <property name="basedir" value="/home/josi/coding/first/first-test"/>
    <property name="java.vm.compressedOopsMode" value="32-bit"/>
    <property name="line.separator" value="&#10;"/>
    <property name="java.vm.specification.vendor" value="Oracle Corporation"/>
    <property name="java.specification.name" value="Java Platform API Specification"/>
    <property name="surefire.real.class.path" value="/home/josi/coding/first/first-test/target/surefire/surefirebooter-20231113150857241_3.jar"/>
    <property name="sun.management.compiler" value="HotSpot 64-Bit Tiered Compilers"/>
    <property name="java.runtime.version" value="21+35-LTS-2513"/>
    <property name="user.name" value="josi"/>
    <property name="stdout.encoding" value="UTF-8"/>
    <property name="dev.resteasy.exception.mapper" value="false"/>
    <property name="path.separator" value=":"/>
    <property name="os.version" value="5.15.0-88-generic"/>
    <property name="java.runtime.name" value="Java(TM) SE Runtime Environment"/>
    <property name="file.encoding" value="UTF-8"/>
    <property name="jnidispatch.path" value="/home/josi/.cache/JNA/temp/jna15798022760597763241.tmp"/>
    <property name="java.vm.name" value="Java HotSpot(TM) 64-Bit Server VM"/>
    <property name="jna.platform.library.path" value="/usr/lib/x86_64-linux-gnu:/lib/x86_64-linux-gnu:/usr/lib64:/lib64:/usr/lib:/lib:/libx32:/lib32:/opt/oracle/instantclient_21_4:/usr/lib/x86_64-linux-gnu/libfakeroot"/>
    <property name="localRepository" value="/home/josi/.m2/repository"/>
    <property name="jna.loaded" value="true"/>
    <property name="java.vendor.url.bug" value="https://bugreport.java.com/bugreport/"/>
    <property name="java.io.tmpdir" value="/tmp"/>
    <property name="quarkus.log.file.path" value="target/quarkus.log"/>
    <property name="java.version" value="21"/>
    <property name="java.util.concurrent.ForkJoinPool.common.threadFactory" value="io.quarkus.bootstrap.forkjoin.QuarkusForkJoinWorkerThreadFactory"/>
    <property name="user.dir" value="/home/josi/coding/first/first-test"/>
    <property name="os.arch" value="amd64"/>
    <property name="java.vm.specification.name" value="Java Virtual Machine Specification"/>
    <property name="vertx.disableDnsResolver" value="true"/>
    <property name="native.encoding" value="UTF-8"/>
    <property name="java.util.logging.manager" value="org.jboss.logmanager.LogManager"/>
    <property name="java.library.path" value="/usr/java/packages/lib:/usr/lib64:/lib64:/lib:/usr/lib"/>
    <property name="java.vm.info" value="mixed mode, sharing"/>
    <property name="stderr.encoding" value="UTF-8"/>
    <property name="java.vendor" value="Oracle Corporation"/>
    <property name="vertx.disableTCCL" value="true"/>
    <property name="java.vm.version" value="21+35-LTS-2513"/>
    <property name="sun.io.unicode.encoding" value="UnicodeLittle"/>
    <property name="io.netty.machineId" value="2b:ad:91:f4:fd:90:04:3b"/>
    <property name="java.class.version" value="65.0"/>
    <property name="jacoco-agent.destfile" value="/home/josi/coding/first/first-test/target/jacoco-quarkus.exec"/>
  </properties>
  <testcase name="testValid" classname="br.com.joseana.ProductResourceTest" time="2.798">
    <system-out><![CDATA[2023-11-13 15:09:03,355 WARN  [org.tes.doc.DockerClientProviderStrategy] (build-36) DOCKER_HOST unix:///var/run/docker.sock is not listening
2023-11-13 15:09:04,093 INFO  [org.tes.doc.DockerClientProviderStrategy] (build-36) Found Docker environment with Docker accessed via Unix socket (/home/josi/.docker/desktop/docker.sock)
2023-11-13 15:09:04,096 INFO  [org.tes.DockerClientFactory] (build-36) Docker host IP address is localhost
2023-11-13 15:09:04,169 INFO  [org.tes.DockerClientFactory] (build-36) Connected to docker: 
  Server Version: 24.0.6
  API Version: 1.43
  Operating System: Docker Desktop
  Total Memory: 1885 MB
2023-11-13 15:09:04,191 INFO  [org.tes.uti.ImageNameSubstitutor] (build-36) Image name substitution will be performed by: DefaultImageNameSubstitutor (composite of 'ConfigurationFileImageNameSubstitutor' and 'PrefixingImageNameSubstitutor')
2023-11-13 15:09:04,197 INFO  [org.tes.DockerClientFactory] (build-36) Checking the system...
2023-11-13 15:09:04,198 INFO  [org.tes.DockerClientFactory] (build-36) ✔︎ Docker server version should be at least 1.6.0
2023-11-13 15:09:04,390 INFO  [tc.doc.io/postgres:14] (build-36) Creating container for image: docker.io/postgres:14
2023-11-13 15:09:04,467 INFO  [org.tes.uti.RegistryAuthLocator] (build-36) Credential helper/store (docker-credential-desktop) does not have credentials for docker.io
2023-11-13 15:09:04,718 INFO  [tc.doc.io/postgres:14] (build-36) Reusing container with ID: 6cb0e584daa2611f0aa7cc38f78c57d1ed971c3849e22616f8dbd6d719842aa7 and hash: 8a744b509e6029221afb15d0abd63afbe193910a
2023-11-13 15:09:04,719 INFO  [tc.doc.io/postgres:14] (build-36) Reusing existing container (6cb0e584daa2611f0aa7cc38f78c57d1ed971c3849e22616f8dbd6d719842aa7) and not creating a new one
2023-11-13 15:09:05,216 INFO  [tc.doc.io/postgres:14] (build-36) Container docker.io/postgres:14 started in PT1.005204299S
2023-11-13 15:09:05,217 INFO  [tc.doc.io/postgres:14] (build-36) Container is started (JDBC URL: jdbc:postgresql://localhost:35133/quarkus?loggerLevel=OFF)
2023-11-13 15:09:05,218 INFO  [io.qua.dev.pos.dep.PostgresqlDevServicesProcessor] (build-36) Dev Services for PostgreSQL started.
2023-11-13 15:09:05,222 INFO  [io.qua.dat.dep.dev.DevServicesDatasourceProcessor] (build-36) Dev Services for default datasource (postgresql) started - container ID is 6cb0e584daa2
2023-11-13 15:09:07,255 WARN  [io.qua.config] (main) Unrecognized configuration key "quarkus.datasource.reactive.url" was provided; it will be ignored; verify that the dependency extension for this configuration is set or that you did not make a typo
2023-11-13 15:09:10,268 WARN  [org.hib.too.sch.int.ExceptionHandlerLoggedImpl] (JPA Startup Thread) GenerationTarget encountered exception accepting command : Error executing DDL "CREATE SEQUENCE hibernate_sequence   START WITH 1" via JDBC [ERROR: relation "hibernate_sequence" already exists]: org.hibernate.tool.schema.spi.CommandAcceptanceException: Error executing DDL "CREATE SEQUENCE hibernate_sequence   START WITH 1" via JDBC [ERROR: relation "hibernate_sequence" already exists]
	at org.hibernate.tool.schema.internal.exec.GenerationTargetToDatabase.accept(GenerationTargetToDatabase.java:94)
	at org.hibernate.tool.schema.internal.Helper.applySqlString(Helper.java:233)
	at org.hibernate.tool.schema.internal.Helper.applyScript(Helper.java:255)
	at org.hibernate.tool.schema.internal.SchemaCreatorImpl.applyImportFiles(SchemaCreatorImpl.java:650)
	at org.hibernate.tool.schema.internal.SchemaCreatorImpl.applyImportSources(SchemaCreatorImpl.java:569)
	at org.hibernate.tool.schema.internal.SchemaCreatorImpl.performCreation(SchemaCreatorImpl.java:184)
	at org.hibernate.tool.schema.internal.SchemaCreatorImpl.doCreation(SchemaCreatorImpl.java:142)
	at org.hibernate.tool.schema.internal.SchemaCreatorImpl.doCreation(SchemaCreatorImpl.java:118)
	at org.hibernate.tool.schema.spi.SchemaManagementToolCoordinator.performDatabaseAction(SchemaManagementToolCoordinator.java:254)
	at org.hibernate.tool.schema.spi.SchemaManagementToolCoordinator.lambda$process$5(SchemaManagementToolCoordinator.java:143)
	at java.base/java.util.HashMap.forEach(HashMap.java:1429)
	at org.hibernate.tool.schema.spi.SchemaManagementToolCoordinator.process(SchemaManagementToolCoordinator.java:140)
	at io.quarkus.hibernate.orm.runtime.observers.SessionFactoryObserverForSchemaExport.sessionFactoryCreated(SessionFactoryObserverForSchemaExport.java:21)
	at org.hibernate.internal.SessionFactoryObserverChain.sessionFactoryCreated(SessionFactoryObserverChain.java:35)
	at org.hibernate.internal.SessionFactoryImpl.<init>(SessionFactoryImpl.java:293)
	at io.quarkus.hibernate.orm.runtime.boot.FastBootEntityManagerFactoryBuilder.build(FastBootEntityManagerFactoryBuilder.java:84)
	at io.quarkus.hibernate.orm.runtime.FastBootHibernatePersistenceProvider.createEntityManagerFactory(FastBootHibernatePersistenceProvider.java:74)
	at jakarta.persistence.Persistence.createEntityManagerFactory(Persistence.java:80)
	at jakarta.persistence.Persistence.createEntityManagerFactory(Persistence.java:55)
	at io.quarkus.hibernate.orm.runtime.JPAConfig$LazyPersistenceUnit.get(JPAConfig.java:156)
	at io.quarkus.hibernate.orm.runtime.JPAConfig$1.run(JPAConfig.java:64)
	at java.base/java.lang.Thread.run(Thread.java:1583)
Caused by: org.postgresql.util.PSQLException: ERROR: relation "hibernate_sequence" already exists
	at org.postgresql.core.v3.QueryExecutorImpl.receiveErrorResponse(QueryExecutorImpl.java:2713)
	at org.postgresql.core.v3.QueryExecutorImpl.processResults(QueryExecutorImpl.java:2401)
	at org.postgresql.core.v3.QueryExecutorImpl.execute(QueryExecutorImpl.java:368)
	at org.postgresql.jdbc.PgStatement.executeInternal(PgStatement.java:498)
	at org.postgresql.jdbc.PgStatement.execute(PgStatement.java:415)
	at org.postgresql.jdbc.PgStatement.executeWithFlags(PgStatement.java:335)
	at org.postgresql.jdbc.PgStatement.executeCachedSql(PgStatement.java:321)
	at org.postgresql.jdbc.PgStatement.executeWithFlags(PgStatement.java:297)
	at org.postgresql.jdbc.PgStatement.execute(PgStatement.java:292)
	at io.agroal.pool.wrapper.StatementWrapper.execute(StatementWrapper.java:235)
	at org.hibernate.tool.schema.internal.exec.GenerationTargetToDatabase.accept(GenerationTargetToDatabase.java:80)
	... 21 more

2023-11-13 15:09:10,490 INFO  [io.quarkus] (main) first-test 1.0.0-SNAPSHOT on JVM (powered by Quarkus 3.5.0) started in 10.523s. Listening on: http://localhost:8081
2023-11-13 15:09:10,492 INFO  [io.quarkus] (main) Profile test activated. 
2023-11-13 15:09:10,493 INFO  [io.quarkus] (main) Installed features: [agroal, cdi, hibernate-orm, hibernate-orm-panache, jacoco, jdbc-postgresql, narayana-jta, resteasy, resteasy-jackson, smallrye-context-propagation, vertx]
]]></system-out>
  </testcase>
  <testcase name="testGetById" classname="br.com.joseana.ProductResourceTest" time="0.099">
    <system-out><![CDATA[Resposta vazia
]]></system-out>
  </testcase>
  <testcase name="testListAll" classname="br.com.joseana.ProductResourceTest" time="0.094"/>
  <testcase name="testCreate" classname="br.com.joseana.ProductResourceTest" time="0.004"/>
</testsuite>